Exporting package to 'C:\workspace\projects\org.hl7.fhir\uml\fhir.xmi'
Retrieving data for export: diagram elements
Retrieving data for export: links
Retrieving data for export: constraints
Retrieving data for export: attribute tagged values
Retrieving data for export: operation tagged values
Retrieving data for export: operation parameter tagged values
Retrieving data for export: connector tagged values
Completed data retrieval
Pre-processing export tree...
Completed pre-processing
Processing package: Class Model
Processing package: Animal
Diagram: Animal
Element:0: Animal
Element:1: RelatedEntity
Processing package: Constraint
Diagram: Constraint
Element:2: Aggregation
Element:3: Cardinality
Element:4: Class1
Element:5: Constraint
Element:6: Element
Element:7: Mapping
Element:8: Value
Processing package: Infrastructure
Diagram: All
Diagram: Primitives
Diagram: Types
Diagram: Structures
Diagram: Infrastructure
Element:9: Address
Element:10: Attachment
Element:11: Base
Element:12: Choice
Element:13: ChoiceValue
Element:14: CodeableConcept
Element:15: Coding
Element:16: Contact
Element:17: Extension
Element:18: HumanDate
Element:19: HumanId
Element:20: HumanName
Element:21: Identifier
Element:22: ImageContent
Element:23: Interval
Element:24: Mapping
Element:25: Money
Element:26: NamePart
Element:27: Narrative
Element:28: Ordered
Element:29: Part
Element:30: Quantity
Element:31: Ratio
Element:32: Repeat
Element:33: Resource
Element:34: ResourceReference
Element:35: Schedule
Element:36: Structure
Element:37: Type
Element:38: base64Binary
Element:39: boolean
Element:40: code
Element:41: datetime
Element:42: decimal
Element:43: humanDate
Element:44: id
Element:45: integer
Element:46: oid
Element:47: sid
Element:48: string
Element:49: uid
Element:50: uri
Element:51: uuid
Processing package: Infrastructure
Processing package: Primitives
Processing package: Structures
Processing package: Types
Processing package: LabReport
Diagram: LabReport
Element:52: LabReport
Element:53: ReferenceRange
Element:54: RequestDetail
Element:55: Result
Element:56: ResultGroup
Processing package: Mixins
Processing package: BaseClass
Diagram: BaseClass
Element:57: DataQualityAspect
Element:58: Quantity
Processing package: Mixin
Diagram: Mixin
Element:59: DataQualityAspect
Element:60: DataQualityAspect(Quantity)
Element:61: DataQualityAspectQuantity
Processing package: Wrapper
Diagram: Wrapper
Element:62: DataQualityAspect
Element:63: DataQualityAspect(Quantity)
Element:64: Quantity
Processing package: Agent
Diagram: Agent
Element:65: Agent
Processing package: Conformance
Diagram: Conformance
Element:66: Conformance
Element:67: Create
Element:68: Operation
Element:69: Publisher
Element:70: Search
Element:71: Software
Element:72: Transaction
Element:73: Updates
Processing package: Document
Diagram: Document
Element:74: Attestor
Element:75: Author
Element:76: Document
Element:77: Section
Processing package: DocumentConformance
Diagram: DocumentConformance
Element:78: Document
Element:79: DocumentConformance
Element:80: Publisher
Element:81: Software
Processing package: Message
Diagram: Message
Element:82: Message
Element:83: Response
Processing package: MessageConformance
Diagram: MessageConformance
Element:84: Event
Element:85: MessageConformance
Element:86: Publisher
Element:87: Request
Element:88: Response
Element:89: Software
Processing package: Organization
Diagram: Organization
Element:90: Accreditation
Element:91: Name
Element:92: Observation
Element:93: Organization
Element:94: RelatedOrganization
Processing package: Patient
Diagram: Patient
Element:95: Patient
Processing package: Person
Diagram: Person
Element:96: Language
Element:97: Person
Element:98: Qualification
Element:99: RelatedPerson
Processing package: Template
Diagram: Template
Element:100: Template
Adding State-Tables
Sequencing Interaction Diagrams
Formatting output XML...please wait
XMI Document Export Complete!
